# JRE version: OpenJDK Runtime Environment (8.0_242-b01) (build 1.8.0_242-release-1644-b01)
# Java VM: OpenJDK 64-Bit Server VM (25.242-b01 mixed mode windows-amd64 compressed oops)
Heap:
 PSYoungGen      total 231936K, used 64131K [0x00000000d5580000, 0x00000000e7e80000, 0x0000000100000000)
  eden space 218624K, 23% used [0x00000000d5580000,0x00000000d8725db8,0x00000000e2b00000)
  from space 13312K, 99% used [0x00000000e2b00000,0x00000000e37fb058,0x00000000e3800000)
  to   space 17408K, 0% used [0x00000000e6d80000,0x00000000e6d80000,0x00000000e7e80000)
 ParOldGen       total 59392K, used 19437K [0x0000000080000000, 0x0000000083a00000, 0x00000000d5580000)
  object space 59392K, 32% used [0x0000000080000000,0x00000000812fb628,0x0000000083a00000)
 Metaspace       used 51021K, capacity 53064K, committed 53336K, reserved 1095680K
  class space    used 6806K, capacity 7208K, committed 7296K, reserved 1048576K
GC Heap History (10 events):
Event: 8.670 GC heap before
{Heap before GC invocations=7 (full 1):
 PSYoungGen      total 139776K, used 6260K [0x00000000d5580000, 0x00000000de880000, 0x0000000100000000)
  eden space 130560K, 0% used [0x00000000d5580000,0x00000000d5580000,0x00000000dd500000)
  from space 9216K, 67% used [0x00000000dde80000,0x00000000de49d160,0x00000000de780000)
  to   space 9728K, 0% used [0x00000000dd500000,0x00000000dd500000,0x00000000dde80000)
 ParOldGen       total 44032K, used 12118K [0x0000000080000000, 0x0000000082b00000, 0x00000000d5580000)
  object space 44032K, 27% used [0x0000000080000000,0x0000000080bd59c0,0x0000000082b00000)
 Metaspace       used 20455K, capacity 21204K, committed 21248K, reserved 1067008K
  class space    used 2841K, capacity 3048K, committed 3072K, reserved 1048576K
Event: 8.753 GC heap after
Heap after GC invocations=7 (full 1):
 PSYoungGen      total 139776K, used 0K [0x00000000d5580000, 0x00000000de880000, 0x0000000100000000)
  eden space 130560K, 0% used [0x00000000d5580000,0x00000000d5580000,0x00000000dd500000)
  from space 9216K, 0% used [0x00000000dde80000,0x00000000dde80000,0x00000000de780000)
  to   space 9728K, 0% used [0x00000000dd500000,0x00000000dd500000,0x00000000dde80000)
 ParOldGen       total 45568K, used 15360K [0x0000000080000000, 0x0000000082c80000, 0x00000000d5580000)
  object space 45568K, 33% used [0x0000000080000000,0x0000000080f003f0,0x0000000082c80000)
 Metaspace       used 20455K, capacity 21204K, committed 21248K, reserved 1067008K
  class space    used 2841K, capacity 3048K, committed 3072K, reserved 1048576K
}
Event: 12.203 GC heap before
{Heap before GC invocations=8 (full 1):
 PSYoungGen      total 139776K, used 130560K [0x00000000d5580000, 0x00000000de880000, 0x0000000100000000)
  eden space 130560K, 100% used [0x00000000d5580000,0x00000000dd500000,0x00000000dd500000)
  from space 9216K, 0% used [0x00000000dde80000,0x00000000dde80000,0x00000000de780000)
  to   space 9728K, 0% used [0x00000000dd500000,0x00000000dd500000,0x00000000dde80000)
 ParOldGen       total 45568K, used 15360K [0x0000000080000000, 0x0000000082c80000, 0x00000000d5580000)
  object space 45568K, 33% used [0x0000000080000000,0x0000000080f003f0,0x0000000082c80000)
 Metaspace       used 32950K, capacity 33970K, committed 34176K, reserved 1079296K
  class space    used 4469K, capacity 4723K, committed 4736K, reserved 1048576K
Event: 12.356 GC heap after
Heap after GC invocations=8 (full 1):
 PSYoungGen      total 140288K, used 9714K [0x00000000d5580000, 0x00000000e4500000, 0x0000000100000000)
  eden space 130560K, 0% used [0x00000000d5580000,0x00000000d5580000,0x00000000dd500000)
  from space 9728K, 99% used [0x00000000dd500000,0x00000000dde7c870,0x00000000dde80000)
  to   space 13312K, 0% used [0x00000000e3800000,0x00000000e3800000,0x00000000e4500000)
 ParOldGen       total 45568K, used 19800K [0x0000000080000000, 0x0000000082c80000, 0x00000000d5580000)
  object space 45568K, 43% used [0x0000000080000000,0x00000000813561f0,0x0000000082c80000)
 Metaspace       used 32950K, capacity 33970K, committed 34176K, reserved 1079296K
  class space    used 4469K, capacity 4723K, committed 4736K, reserved 1048576K
}
Event: 13.007 GC heap before
{Heap before GC invocations=9 (full 1):
 PSYoungGen      total 140288K, used 35872K [0x00000000d5580000, 0x00000000e4500000, 0x0000000100000000)
  eden space 130560K, 20% used [0x00000000d5580000,0x00000000d6f0ba68,0x00000000dd500000)
  from space 9728K, 99% used [0x00000000dd500000,0x00000000dde7c870,0x00000000dde80000)
  to   space 13312K, 0% used [0x00000000e3800000,0x00000000e3800000,0x00000000e4500000)
 ParOldGen       total 45568K, used 19800K [0x0000000080000000, 0x0000000082c80000, 0x00000000d5580000)
  object space 45568K, 43% used [0x0000000080000000,0x00000000813561f0,0x0000000082c80000)
 Metaspace       used 34161K, capacity 35304K, committed 35416K, reserved 1079296K
  class space    used 4664K, capacity 4905K, committed 4992K, reserved 1048576K
Event: 13.024 GC heap after
Heap after GC invocations=9 (full 1):
 PSYoungGen      total 231936K, used 7763K [0x00000000d5580000, 0x00000000e4700000, 0x0000000100000000)
  eden space 218624K, 0% used [0x00000000d5580000,0x00000000d5580000,0x00000000e2b00000)
  from space 13312K, 58% used [0x00000000e3800000,0x00000000e3f94d80,0x00000000e4500000)
  to   space 13312K, 0% used [0x00000000e2b00000,0x00000000e2b00000,0x00000000e3800000)
 ParOldGen       total 45568K, used 19808K [0x0000000080000000, 0x0000000082c80000, 0x00000000d5580000)
  object space 45568K, 43% used [0x0000000080000000,0x00000000813581f0,0x0000000082c80000)
 Metaspace       used 34161K, capacity 35304K, committed 35416K, reserved 1079296K
  class space    used 4664K, capacity 4905K, committed 4992K, reserved 1048576K
}
Event: 13.024 GC heap before
{Heap before GC invocations=10 (full 2):
 PSYoungGen      total 231936K, used 7763K [0x00000000d5580000, 0x00000000e4700000, 0x0000000100000000)
  eden space 218624K, 0% used [0x00000000d5580000,0x00000000d5580000,0x00000000e2b00000)
  from space 13312K, 58% used [0x00000000e3800000,0x00000000e3f94d80,0x00000000e4500000)
  to   space 13312K, 0% used [0x00000000e2b00000,0x00000000e2b00000,0x00000000e3800000)
 ParOldGen       total 45568K, used 19808K [0x0000000080000000, 0x0000000082c80000, 0x00000000d5580000)
  object space 45568K, 43% used [0x0000000080000000,0x00000000813581f0,0x0000000082c80000)
 Metaspace       used 34161K, capacity 35304K, committed 35416K, reserved 1079296K
  class space    used 4664K, capacity 4905K, committed 4992K, reserved 1048576K
Event: 13.253 GC heap after
Heap after GC invocations=10 (full 2):
 PSYoungGen      total 231936K, used 0K [0x00000000d5580000, 0x00000000e4700000, 0x0000000100000000)
  eden space 218624K, 0% used [0x00000000d5580000,0x00000000d5580000,0x00000000e2b00000)
  from space 13312K, 0% used [0x00000000e3800000,0x00000000e3800000,0x00000000e4500000)
  to   space 13312K, 0% used [0x00000000e2b00000,0x00000000e2b00000,0x00000000e3800000)
 ParOldGen       total 59392K, used 14350K [0x0000000080000000, 0x0000000083a00000, 0x00000000d5580000)
  object space 59392K, 24% used [0x0000000080000000,0x0000000080e03900,0x0000000083a00000)
 Metaspace       used 34161K, capacity 35304K, committed 35416K, reserved 1079296K
  class space    used 4664K, capacity 4905K, committed 4992K, reserved 1048576K
}
Event: 18.319 GC heap before
{Heap before GC invocations=11 (full 2):
 PSYoungGen      total 231936K, used 218624K [0x00000000d5580000, 0x00000000e4700000, 0x0000000100000000)
  eden space 218624K, 100% used [0x00000000d5580000,0x00000000e2b00000,0x00000000e2b00000)
  from space 13312K, 0% used [0x00000000e3800000,0x00000000e3800000,0x00000000e4500000)
  to   space 13312K, 0% used [0x00000000e2b00000,0x00000000e2b00000,0x00000000e3800000)
 ParOldGen       total 59392K, used 14350K [0x0000000080000000, 0x0000000083a00000, 0x00000000d5580000)
  object space 59392K, 24% used [0x0000000080000000,0x0000000080e03900,0x0000000083a00000)
 Metaspace       used 46816K, capacity 48742K, committed 48984K, reserved 1091584K
  class space    used 6312K, capacity 6719K, committed 6784K, reserved 1048576K
Event: 18.384 GC heap after
Heap after GC invocations=11 (full 2):
 PSYoungGen      total 231936K, used 13292K [0x00000000d5580000, 0x00000000e7e80000, 0x0000000100000000)
  eden space 218624K, 0% used [0x00000000d5580000,0x00000000d5580000,0x00000000e2b00000)
  from space 13312K, 99% used [0x00000000e2b00000,0x00000000e37fb058,0x00000000e3800000)
  to   space 17408K, 0% used [0x00000000e6d80000,0x00000000e6d80000,0x00000000e7e80000)
 ParOldGen       total 59392K, used 19437K [0x0000000080000000, 0x0000000083a00000, 0x00000000d5580000)
  object space 59392K, 32% used [0x0000000080000000,0x00000000812fb628,0x0000000083a00000)
 Metaspace       used 46816K, capacity 48742K, committed 48984K, reserved 1091584K
  class space    used 6312K, capacity 6719K, committed 6784K, reserved 1048576K
}

