# JRE version: OpenJDK Runtime Environment (8.0_242-b01) (build 1.8.0_242-release-1644-b01)
# Java VM: OpenJDK 64-Bit Server VM (25.242-b01 mixed mode windows-amd64 compressed oops)
Heap:
 PSYoungGen      total 27648K, used 8532K [0x00000000d5580000, 0x00000000d7580000, 0x0000000100000000)
  eden space 23552K, 23% used [0x00000000d5580000,0x00000000d5ad18d8,0x00000000d6c80000)
  from space 4096K, 75% used [0x00000000d7080000,0x00000000d73839d0,0x00000000d7480000)
  to   space 4096K, 0% used [0x00000000d6c80000,0x00000000d6c80000,0x00000000d7080000)
 ParOldGen       total 26624K, used 3635K [0x0000000080000000, 0x0000000081a00000, 0x00000000d5580000)
  object space 26624K, 13% used [0x0000000080000000,0x000000008038cd98,0x0000000081a00000)
 Metaspace       used 14568K, capacity 15106K, committed 15232K, reserved 1062912K
  class space    used 1995K, capacity 2157K, committed 2176K, reserved 1048576K
GC Heap History (10 events):
Event: 3.796 GC heap before
{Heap before GC invocations=5 (full 0):
 PSYoungGen      total 18944K, used 14012K [0x00000000d5580000, 0x00000000d6a80000, 0x0000000100000000)
  eden space 16384K, 70% used [0x00000000d5580000,0x00000000d60b52c8,0x00000000d6580000)
  from space 2560K, 99% used [0x00000000d6800000,0x00000000d6a7a040,0x00000000d6a80000)
  to   space 2560K, 0% used [0x00000000d6580000,0x00000000d6580000,0x00000000d6800000)
 ParOldGen       total 44032K, used 2217K [0x0000000080000000, 0x0000000082b00000, 0x00000000d5580000)
  object space 44032K, 5% used [0x0000000080000000,0x000000008022a458,0x0000000082b00000)
 Metaspace       used 8174K, capacity 8544K, committed 8576K, reserved 1060864K
  class space    used 1035K, capacity 1143K, committed 1152K, reserved 1048576K
Event: 3.800 GC heap after
Heap after GC invocations=5 (full 0):
 PSYoungGen      total 18944K, used 2552K [0x00000000d5580000, 0x00000000d6a80000, 0x0000000100000000)
  eden space 16384K, 0% used [0x00000000d5580000,0x00000000d5580000,0x00000000d6580000)
  from space 2560K, 99% used [0x00000000d6580000,0x00000000d67fe030,0x00000000d6800000)
  to   space 2560K, 0% used [0x00000000d6800000,0x00000000d6800000,0x00000000d6a80000)
 ParOldGen       total 44032K, used 2904K [0x0000000080000000, 0x0000000082b00000, 0x00000000d5580000)
  object space 44032K, 6% used [0x0000000080000000,0x00000000802d6390,0x0000000082b00000)
 Metaspace       used 8174K, capacity 8544K, committed 8576K, reserved 1060864K
  class space    used 1035K, capacity 1143K, committed 1152K, reserved 1048576K
}
Event: 3.800 GC heap before
{Heap before GC invocations=6 (full 1):
 PSYoungGen      total 18944K, used 2552K [0x00000000d5580000, 0x00000000d6a80000, 0x0000000100000000)
  eden space 16384K, 0% used [0x00000000d5580000,0x00000000d5580000,0x00000000d6580000)
  from space 2560K, 99% used [0x00000000d6580000,0x00000000d67fe030,0x00000000d6800000)
  to   space 2560K, 0% used [0x00000000d6800000,0x00000000d6800000,0x00000000d6a80000)
 ParOldGen       total 44032K, used 2904K [0x0000000080000000, 0x0000000082b00000, 0x00000000d5580000)
  object space 44032K, 6% used [0x0000000080000000,0x00000000802d6390,0x0000000082b00000)
 Metaspace       used 8174K, capacity 8544K, committed 8576K, reserved 1060864K
  class space    used 1035K, capacity 1143K, committed 1152K, reserved 1048576K
Event: 3.821 GC heap after
Heap after GC invocations=6 (full 1):
 PSYoungGen      total 18944K, used 0K [0x00000000d5580000, 0x00000000d6a80000, 0x0000000100000000)
  eden space 16384K, 0% used [0x00000000d5580000,0x00000000d5580000,0x00000000d6580000)
  from space 2560K, 0% used [0x00000000d6580000,0x00000000d6580000,0x00000000d6800000)
  to   space 2560K, 0% used [0x00000000d6800000,0x00000000d6800000,0x00000000d6a80000)
 ParOldGen       total 26624K, used 3619K [0x0000000080000000, 0x0000000081a00000, 0x00000000d5580000)
  object space 26624K, 13% used [0x0000000080000000,0x0000000080388d98,0x0000000081a00000)
 Metaspace       used 8174K, capacity 8544K, committed 8576K, reserved 1058816K
  class space    used 1035K, capacity 1143K, committed 1152K, reserved 1048576K
}
Event: 5.516 GC heap before
{Heap before GC invocations=7 (full 1):
 PSYoungGen      total 18944K, used 16384K [0x00000000d5580000, 0x00000000d6a80000, 0x0000000100000000)
  eden space 16384K, 100% used [0x00000000d5580000,0x00000000d6580000,0x00000000d6580000)
  from space 2560K, 0% used [0x00000000d6580000,0x00000000d6580000,0x00000000d6800000)
  to   space 2560K, 0% used [0x00000000d6800000,0x00000000d6800000,0x00000000d6a80000)
 ParOldGen       total 26624K, used 3619K [0x0000000080000000, 0x0000000081a00000, 0x00000000d5580000)
  object space 26624K, 13% used [0x0000000080000000,0x0000000080388d98,0x0000000081a00000)
 Metaspace       used 11153K, capacity 11504K, committed 11648K, reserved 1060864K
  class space    used 1467K, capacity 1578K, committed 1664K, reserved 1048576K
Event: 5.519 GC heap after
Heap after GC invocations=7 (full 1):
 PSYoungGen      total 16896K, used 2160K [0x00000000d5580000, 0x00000000d7980000, 0x0000000100000000)
  eden space 14336K, 0% used [0x00000000d5580000,0x00000000d5580000,0x00000000d6380000)
  from space 2560K, 84% used [0x00000000d6800000,0x00000000d6a1c010,0x00000000d6a80000)
  to   space 4608K, 0% used [0x00000000d6380000,0x00000000d6380000,0x00000000d6800000)
 ParOldGen       total 26624K, used 3627K [0x0000000080000000, 0x0000000081a00000, 0x00000000d5580000)
  object space 26624K, 13% used [0x0000000080000000,0x000000008038ad98,0x0000000081a00000)
 Metaspace       used 11153K, capacity 11504K, committed 11648K, reserved 1060864K
  class space    used 1467K, capacity 1578K, committed 1664K, reserved 1048576K
}
Event: 6.071 GC heap before
{Heap before GC invocations=8 (full 1):
 PSYoungGen      total 16896K, used 16496K [0x00000000d5580000, 0x00000000d7980000, 0x0000000100000000)
  eden space 14336K, 100% used [0x00000000d5580000,0x00000000d6380000,0x00000000d6380000)
  from space 2560K, 84% used [0x00000000d6800000,0x00000000d6a1c010,0x00000000d6a80000)
  to   space 4608K, 0% used [0x00000000d6380000,0x00000000d6380000,0x00000000d6800000)
 ParOldGen       total 26624K, used 3627K [0x0000000080000000, 0x0000000081a00000, 0x00000000d5580000)
  object space 26624K, 13% used [0x0000000080000000,0x000000008038ad98,0x0000000081a00000)
 Metaspace       used 12870K, capacity 13320K, committed 13440K, reserved 1060864K
  class space    used 1753K, capacity 1886K, committed 1920K, reserved 1048576K
Event: 6.073 GC heap after
Heap after GC invocations=8 (full 1):
 PSYoungGen      total 18944K, used 2676K [0x00000000d5580000, 0x00000000d7480000, 0x0000000100000000)
  eden space 14336K, 0% used [0x00000000d5580000,0x00000000d5580000,0x00000000d6380000)
  from space 4608K, 58% used [0x00000000d6380000,0x00000000d661d130,0x00000000d6800000)
  to   space 4096K, 0% used [0x00000000d7080000,0x00000000d7080000,0x00000000d7480000)
 ParOldGen       total 26624K, used 3635K [0x0000000080000000, 0x0000000081a00000, 0x00000000d5580000)
  object space 26624K, 13% used [0x0000000080000000,0x000000008038cd98,0x0000000081a00000)
 Metaspace       used 12870K, capacity 13320K, committed 13440K, reserved 1060864K
  class space    used 1753K, capacity 1886K, committed 1920K, reserved 1048576K
}
Event: 6.247 GC heap before
{Heap before GC invocations=9 (full 1):
 PSYoungGen      total 18944K, used 17012K [0x00000000d5580000, 0x00000000d7480000, 0x0000000100000000)
  eden space 14336K, 100% used [0x00000000d5580000,0x00000000d6380000,0x00000000d6380000)
  from space 4608K, 58% used [0x00000000d6380000,0x00000000d661d130,0x00000000d6800000)
  to   space 4096K, 0% used [0x00000000d7080000,0x00000000d7080000,0x00000000d7480000)
 ParOldGen       total 26624K, used 3635K [0x0000000080000000, 0x0000000081a00000, 0x00000000d5580000)
  object space 26624K, 13% used [0x0000000080000000,0x000000008038cd98,0x0000000081a00000)
 Metaspace       used 14026K, capacity 14452K, committed 14592K, reserved 1062912K
  class space    used 1925K, capacity 2048K, committed 2048K, reserved 1048576K
Event: 6.251 GC heap after
Heap after GC invocations=9 (full 1):
 PSYoungGen      total 27648K, used 3086K [0x00000000d5580000, 0x00000000d7580000, 0x0000000100000000)
  eden space 23552K, 0% used [0x00000000d5580000,0x00000000d5580000,0x00000000d6c80000)
  from space 4096K, 75% used [0x00000000d7080000,0x00000000d73839d0,0x00000000d7480000)
  to   space 4096K, 0% used [0x00000000d6c80000,0x00000000d6c80000,0x00000000d7080000)
 ParOldGen       total 26624K, used 3635K [0x0000000080000000, 0x0000000081a00000, 0x00000000d5580000)
  object space 26624K, 13% used [0x0000000080000000,0x000000008038cd98,0x0000000081a00000)
 Metaspace       used 14026K, capacity 14452K, committed 14592K, reserved 1062912K
  class space    used 1925K, capacity 2048K, committed 2048K, reserved 1048576K
}

